c:\su\coretechnologies\managedcpp\code\wpf-consoleapplication\wpf-consoleapplication\debug\vc120.pdb
c:\su\coretechnologies\managedcpp\code\wpf-consoleapplication\wpf-consoleapplication\debug\wpf-consoleapplication.obj
c:\su\coretechnologies\managedcpp\code\wpf-consoleapplication\wpf-consoleapplication\debug\assemblyinfo.obj
c:\su\coretechnologies\managedcpp\code\wpf-consoleapplication\wpf-consoleapplication\debug\.netframework,version=v4.5.assemblyattributes.obj
c:\su\coretechnologies\managedcpp\code\wpf-consoleapplication\debug\wpf-consoleapplication.exe
c:\su\coretechnologies\managedcpp\code\wpf-consoleapplication\debug\wpf-consoleapplication.pdb
c:\su\coretechnologies\managedcpp\code\wpf-consoleapplication\wpf-consoleapplication\debug\app.res
c:\su\coretechnologies\managedcpp\code\wpf-consoleapplication\wpf-consoleapplication\debug\wpf-consoleapplication.vcxprojresolveassemblyreference.cache
c:\su\coretechnologies\managedcpp\code\wpf-consoleapplication\wpf-consoleapplication\debug\wpf-cons.f6f129a1.tlog\cl.command.1.tlog
c:\su\coretechnologies\managedcpp\code\wpf-consoleapplication\wpf-consoleapplication\debug\wpf-cons.f6f129a1.tlog\cl.read.1.tlog
c:\su\coretechnologies\managedcpp\code\wpf-consoleapplication\wpf-consoleapplication\debug\wpf-cons.f6f129a1.tlog\cl.write.1.tlog
c:\su\coretechnologies\managedcpp\code\wpf-consoleapplication\wpf-consoleapplication\debug\wpf-cons.f6f129a1.tlog\link.command.1.tlog
c:\su\coretechnologies\managedcpp\code\wpf-consoleapplication\wpf-consoleapplication\debug\wpf-cons.f6f129a1.tlog\link.read.1.tlog
c:\su\coretechnologies\managedcpp\code\wpf-consoleapplication\wpf-consoleapplication\debug\wpf-cons.f6f129a1.tlog\link.write.1.tlog
c:\su\coretechnologies\managedcpp\code\wpf-consoleapplication\wpf-consoleapplication\debug\wpf-cons.f6f129a1.tlog\metagen.read.1.tlog
c:\su\coretechnologies\managedcpp\code\wpf-consoleapplication\wpf-consoleapplication\debug\wpf-cons.f6f129a1.tlog\metagen.write.1.tlog
c:\su\coretechnologies\managedcpp\code\wpf-consoleapplication\wpf-consoleapplication\debug\wpf-cons.f6f129a1.tlog\rc.command.1.tlog
c:\su\coretechnologies\managedcpp\code\wpf-consoleapplication\wpf-consoleapplication\debug\wpf-cons.f6f129a1.tlog\rc.read.1.tlog
c:\su\coretechnologies\managedcpp\code\wpf-consoleapplication\wpf-consoleapplication\debug\wpf-cons.f6f129a1.tlog\rc.write.1.tlog
c:\su\coretechnologies\managedcpp\code\wpf-consoleapplication\wpf-consoleapplication\debug\wpf-cons.f6f129a1.tlog\tzres.dll.bi
